127.0.0.1 - - [14/Feb/2020:14:46:51 +0800] "GET /item/publishpromo?id=1 HTTP/1.0" 200 32 1088
0:0:0:0:0:0:0:1 - - [14/Feb/2020:14:46:59 +0800] "GET /item/get?id=9 HTTP/1.1" 200 309 162
0:0:0:0:0:0:0:1 - - [14/Feb/2020:14:47:01 +0800] "POST /order/generatetoken?token=9d4b41b124bc4e41ac7ba73331f6a534 HTTP/1.1" 200 98 54
0:0:0:0:0:0:0:1 - - [14/Feb/2020:14:47:22 +0800] "POST /user/login HTTP/1.1" 200 73 90
0:0:0:0:0:0:0:1 - - [14/Feb/2020:14:47:24 +0800] "GET /item/list HTTP/1.1" 200 570 50
0:0:0:0:0:0:0:1 - - [14/Feb/2020:14:47:31 +0800] "GET /item/get?id=9 HTTP/1.1" 200 309 81
0:0:0:0:0:0:0:1 - - [14/Feb/2020:14:47:37 +0800] "POST /order/generatetoken?token=c071f645c59342e59e6355bbf03e59f8 HTTP/1.1" 200 83 36
0:0:0:0:0:0:0:1 - - [14/Feb/2020:14:47:46 +0800] "POST /order/generatetoken?token=c071f645c59342e59e6355bbf03e59f8 HTTP/1.1" 200 83 29
127.0.0.1 - - [14/Feb/2020:14:48:45 +0800] "GET /publishpromo?id=1 HTTP/1.0" 200 87 27
127.0.0.1 - - [14/Feb/2020:14:48:59 +0800] "GET /publishpromo?id=1 HTTP/1.0" 200 87 7
127.0.0.1 - - [14/Feb/2020:14:49:04 +0800] "GET /item/publishpromo?id=1 HTTP/1.0" 200 32 45
0:0:0:0:0:0:0:1 - - [14/Feb/2020:14:49:15 +0800] "POST /user/login HTTP/1.1" 200 73 10
0:0:0:0:0:0:0:1 - - [14/Feb/2020:14:49:16 +0800] "GET /item/list HTTP/1.1" 200 570 12
0:0:0:0:0:0:0:1 - - [14/Feb/2020:14:49:17 +0800] "GET /item/get?id=9 HTTP/1.1" 200 323 39
0:0:0:0:0:0:0:1 - - [14/Feb/2020:14:49:20 +0800] "POST /order/generatetoken?token=080fc44c99bd456d8eb7855a565676c7 HTTP/1.1" 200 73 19
0:0:0:0:0:0:0:1 - - [14/Feb/2020:14:49:21 +0800] "POST /order/createorder?token=080fc44c99bd456d8eb7855a565676c7 HTTP/1.1" 200 43 542
0:0:0:0:0:0:0:1 - - [14/Feb/2020:14:49:23 +0800] "GET /item/get?id=9 HTTP/1.1" 200 323 8
127.0.0.1 - - [14/Feb/2020:15:07:56 +0800] "GET /publishpromo?id=1 HTTP/1.0" 200 87 404
127.0.0.1 - - [14/Feb/2020:15:07:57 +0800] "GET /favicon.ico HTTP/1.0" 200 946 67
127.0.0.1 - - [14/Feb/2020:15:08:05 +0800] "GET /item/publishpromo?id=1 HTTP/1.0" 200 32 657
0:0:0:0:0:0:0:1 - - [14/Feb/2020:15:08:16 +0800] "POST /user/login HTTP/1.1" 200 73 114
0:0:0:0:0:0:0:1 - - [14/Feb/2020:15:08:18 +0800] "GET /item/list HTTP/1.1" 200 570 60
0:0:0:0:0:0:0:1 - - [14/Feb/2020:15:08:19 +0800] "GET /item/get?id=9 HTTP/1.1" 200 323 48
0:0:0:0:0:0:0:1 - - [14/Feb/2020:15:08:48 +0800] "POST /order/generatetoken?token=5df8c41da69c43448a57246c86ebbd6c HTTP/1.1" 200 73 88
0:0:0:0:0:0:0:1 - - [14/Feb/2020:15:08:49 +0800] "POST /order/createorder?token=5df8c41da69c43448a57246c86ebbd6c HTTP/1.1" 200 43 388
0:0:0:0:0:0:0:1 - - [14/Feb/2020:15:08:50 +0800] "GET /item/get?id=9 HTTP/1.1" 200 323 17
0:0:0:0:0:0:0:1 - - [14/Feb/2020:15:08:57 +0800] "POST /order/generatetoken?token=5df8c41da69c43448a57246c86ebbd6c HTTP/1.1" 200 73 13
0:0:0:0:0:0:0:1 - - [14/Feb/2020:15:08:57 +0800] "POST /order/createorder?token=5df8c41da69c43448a57246c86ebbd6c HTTP/1.1" 200 43 103
0:0:0:0:0:0:0:1 - - [14/Feb/2020:15:08:58 +0800] "GET /item/get?id=9 HTTP/1.1" 200 323 6
127.0.0.1 - - [14/Feb/2020:16:32:15 +0800] "GET /item/publishpromo?id=1 HTTP/1.0" 200 32 1078
127.0.0.1 - - [14/Feb/2020:16:32:16 +0800] "GET /favicon.ico HTTP/1.0" 200 946 52
0:0:0:0:0:0:0:1 - - [14/Feb/2020:16:32:25 +0800] "POST /user/login HTTP/1.1" 200 73 126
0:0:0:0:0:0:0:1 - - [14/Feb/2020:16:32:26 +0800] "GET /item/list HTTP/1.1" 200 570 74
0:0:0:0:0:0:0:1 - - [14/Feb/2020:16:32:27 +0800] "GET /item/get?id=9 HTTP/1.1" 200 323 76
0:0:0:0:0:0:0:1 - - [14/Feb/2020:16:32:30 +0800] "GET /order/generateverifycode?token=313425191c394a8eacbd0122b2dbe288 HTTP/1.1" 200 1974 1667
0:0:0:0:0:0:0:1 - - [14/Feb/2020:16:32:37 +0800] "POST /order/generatetoken?token=313425191c394a8eacbd0122b2dbe288 HTTP/1.1" 200 73 26
0:0:0:0:0:0:0:1 - - [14/Feb/2020:16:32:38 +0800] "POST /order/createorder?token=313425191c394a8eacbd0122b2dbe288 HTTP/1.1" 200 43 557
0:0:0:0:0:0:0:1 - - [14/Feb/2020:16:32:43 +0800] "GET /item/get?id=9 HTTP/1.1" 200 323 4
0:0:0:0:0:0:0:1 - - [14/Feb/2020:16:32:52 +0800] "GET /item/get?id=9 HTTP/1.1" 200 323 7
127.0.0.1 - - [14/Feb/2020:16:32:52 +0800] "GET /favicon.ico HTTP/1.0" 200 946 9
127.0.0.1 - - [14/Feb/2020:16:52:04 +0800] "GET /publishpromo?id=1 HTTP/1.0" 200 87 315
127.0.0.1 - - [14/Feb/2020:16:52:10 +0800] "GET /item/publishpromo?id=1 HTTP/1.0" 200 32 566
0:0:0:0:0:0:0:1 - - [14/Feb/2020:16:53:46 +0800] "POST /user/login HTTP/1.1" 200 73 122
0:0:0:0:0:0:0:1 - - [14/Feb/2020:16:53:47 +0800] "GET /item/list HTTP/1.1" 200 570 60
0:0:0:0:0:0:0:1 - - [14/Feb/2020:16:53:49 +0800] "GET /item/get?id=8 HTTP/1.1" 200 312 59
0:0:0:0:0:0:0:1 - - [14/Feb/2020:16:53:54 +0800] "GET /order/generateverifycode?token=4ff7e87cf1a542458c2bd00435f8b149 HTTP/1.1" 200 1913 1639
0:0:0:0:0:0:0:1 - - [14/Feb/2020:16:54:02 +0800] "POST /order/generatetoken?token=4ff7e87cf1a542458c2bd00435f8b149 HTTP/1.1" 200 83 25
0:0:0:0:0:0:0:1 - - [14/Feb/2020:16:54:16 +0800] "GET /item/get?id=9 HTTP/1.1" 200 323 17
0:0:0:0:0:0:0:1 - - [14/Feb/2020:16:54:17 +0800] "GET /order/generateverifycode?token=4ff7e87cf1a542458c2bd00435f8b149 HTTP/1.1" 200 1904 20
0:0:0:0:0:0:0:1 - - [14/Feb/2020:16:54:27 +0800] "POST /order/generatetoken?token=4ff7e87cf1a542458c2bd00435f8b149 HTTP/1.1" 200 80 6
0:0:0:0:0:0:0:1 - - [14/Feb/2020:16:54:35 +0800] "GET /item/get?id=9 HTTP/1.1" 200 323 7
127.0.0.1 - - [14/Feb/2020:16:54:35 +0800] "GET /favicon.ico HTTP/1.0" 200 946 40
0:0:0:0:0:0:0:1 - - [14/Feb/2020:16:54:36 +0800] "GET /order/generateverifycode?token=4ff7e87cf1a542458c2bd00435f8b149 HTTP/1.1" 200 1889 15
0:0:0:0:0:0:0:1 - - [14/Feb/2020:16:54:41 +0800] "POST /order/generatetoken?token=4ff7e87cf1a542458c2bd00435f8b149 HTTP/1.1" 200 73 15
0:0:0:0:0:0:0:1 - - [14/Feb/2020:16:54:41 +0800] "POST /order/createorder?token=4ff7e87cf1a542458c2bd00435f8b149 HTTP/1.1" 200 98 6
0:0:0:0:0:0:0:1 - - [14/Feb/2020:16:54:47 +0800] "POST /order/generatetoken?token=4ff7e87cf1a542458c2bd00435f8b149 HTTP/1.1" 200 73 18
0:0:0:0:0:0:0:1 - - [14/Feb/2020:16:54:47 +0800] "POST /order/createorder?token=4ff7e87cf1a542458c2bd00435f8b149 HTTP/1.1" 200 98 3
0:0:0:0:0:0:0:1 - - [14/Feb/2020:16:54:49 +0800] "POST /order/generatetoken?token=4ff7e87cf1a542458c2bd00435f8b149 HTTP/1.1" 200 73 9
0:0:0:0:0:0:0:1 - - [14/Feb/2020:16:54:49 +0800] "POST /order/createorder?token=4ff7e87cf1a542458c2bd00435f8b149 HTTP/1.1" 200 98 6
0:0:0:0:0:0:0:1 - - [14/Feb/2020:16:55:35 +0800] "POST /order/generatetoken?token=4ff7e87cf1a542458c2bd00435f8b149 HTTP/1.1" 200 73 10
0:0:0:0:0:0:0:1 - - [14/Feb/2020:16:55:35 +0800] "POST /order/createorder?token=4ff7e87cf1a542458c2bd00435f8b149 HTTP/1.1" 200 98 4
0:0:0:0:0:0:0:1 - - [14/Feb/2020:16:55:39 +0800] "GET /item/get?id=9 HTTP/1.1" 200 323 12
127.0.0.1 - - [14/Feb/2020:16:55:39 +0800] "GET /favicon.ico HTTP/1.0" 200 946 27
0:0:0:0:0:0:0:1 - - [14/Feb/2020:16:55:39 +0800] "GET /order/generateverifycode?token=4ff7e87cf1a542458c2bd00435f8b149 HTTP/1.1" 200 1848 20
0:0:0:0:0:0:0:1 - - [14/Feb/2020:16:55:46 +0800] "POST /order/generatetoken?token=4ff7e87cf1a542458c2bd00435f8b149 HTTP/1.1" 200 73 11
0:0:0:0:0:0:0:1 - - [14/Feb/2020:16:55:46 +0800] "POST /order/createorder?token=4ff7e87cf1a542458c2bd00435f8b149 HTTP/1.1" 200 98 3
127.0.0.1 - - [14/Feb/2020:16:57:20 +0800] "GET /item/publishpromo?id=1 HTTP/1.0" 200 32 447
0:0:0:0:0:0:0:1 - - [14/Feb/2020:16:57:31 +0800] "POST /user/login HTTP/1.1" 200 73 52
0:0:0:0:0:0:0:1 - - [14/Feb/2020:16:57:32 +0800] "GET /item/list HTTP/1.1" 200 570 31
0:0:0:0:0:0:0:1 - - [14/Feb/2020:16:57:32 +0800] "GET /item/get?id=9 HTTP/1.1" 200 323 36
0:0:0:0:0:0:0:1 - - [14/Feb/2020:16:57:34 +0800] "GET /order/generateverifycode?token=cd01dffcb6b04471bee34e2d9f9cd9a7 HTTP/1.1" 200 1855 331
0:0:0:0:0:0:0:1 - - [14/Feb/2020:16:57:40 +0800] "POST /order/generatetoken?token=cd01dffcb6b04471bee34e2d9f9cd9a7 HTTP/1.1" 200 73 25
0:0:0:0:0:0:0:1 - - [14/Feb/2020:16:57:40 +0800] "POST /order/createorder?token=cd01dffcb6b04471bee34e2d9f9cd9a7 HTTP/1.1" 200 98 15
127.0.0.1 - - [14/Feb/2020:16:59:31 +0800] "GET /favicon.ico HTTP/1.0" 200 946 130
0:0:0:0:0:0:0:1 - - [14/Feb/2020:16:59:31 +0800] "GET /item/get?id=9 HTTP/1.1" 200 323 373
0:0:0:0:0:0:0:1 - - [14/Feb/2020:16:59:33 +0800] "GET /order/generateverifycode?token=cd01dffcb6b04471bee34e2d9f9cd9a7 HTTP/1.1" 200 1933 313
0:0:0:0:0:0:0:1 - - [14/Feb/2020:16:59:40 +0800] "POST /order/generatetoken?token=cd01dffcb6b04471bee34e2d9f9cd9a7 HTTP/1.1" 200 80 20
0:0:0:0:0:0:0:1 - - [14/Feb/2020:16:59:47 +0800] "POST /order/generatetoken?token=cd01dffcb6b04471bee34e2d9f9cd9a7 HTTP/1.1" 200 73 287
0:0:0:0:0:0:0:1 - - [14/Feb/2020:17:00:41 +0800] "POST /order/createorder?token=cd01dffcb6b04471bee34e2d9f9cd9a7 HTTP/1.1" 200 98 54147
127.0.0.1 - - [14/Feb/2020:17:01:59 +0800] "GET /favicon.ico HTTP/1.0" 200 946 103
0:0:0:0:0:0:0:1 - - [14/Feb/2020:17:01:59 +0800] "GET /item/get?id=9 HTTP/1.1" 200 323 300
0:0:0:0:0:0:0:1 - - [14/Feb/2020:17:02:00 +0800] "GET /order/generateverifycode?token=cd01dffcb6b04471bee34e2d9f9cd9a7 HTTP/1.1" 200 1908 319
0:0:0:0:0:0:0:1 - - [14/Feb/2020:17:02:10 +0800] "POST /order/generatetoken?token=cd01dffcb6b04471bee34e2d9f9cd9a7 HTTP/1.1" 200 73 244
0:0:0:0:0:0:0:1 - - [14/Feb/2020:17:02:10 +0800] "POST /order/createorder?token=cd01dffcb6b04471bee34e2d9f9cd9a7 HTTP/1.1" 200 98 64
0:0:0:0:0:0:0:1 - - [14/Feb/2020:17:10:28 +0800] "POST /order/generatetoken?token=cd01dffcb6b04471bee34e2d9f9cd9a7 HTTP/1.1" 200 77 545
127.0.0.1 - - [14/Feb/2020:17:10:34 +0800] "GET /favicon.ico HTTP/1.0" 200 946 76
0:0:0:0:0:0:0:1 - - [14/Feb/2020:17:10:34 +0800] "GET /item/get?id=9 HTTP/1.1" 200 323 730
0:0:0:0:0:0:0:1 - - [14/Feb/2020:17:10:37 +0800] "GET /order/generateverifycode?token=cd01dffcb6b04471bee34e2d9f9cd9a7 HTTP/1.1" 200 1891 1519
0:0:0:0:0:0:0:1 - - [14/Feb/2020:17:10:44 +0800] "POST /order/generatetoken?token=cd01dffcb6b04471bee34e2d9f9cd9a7 HTTP/1.1" 200 73 54
0:0:0:0:0:0:0:1 - - [14/Feb/2020:17:12:46 +0800] "POST /order/createorder?token=cd01dffcb6b04471bee34e2d9f9cd9a7 HTTP/1.1" 200 98 122442
127.0.0.1 - - [14/Feb/2020:17:26:29 +0800] "GET /favicon.ico HTTP/1.0" 200 946 261
0:0:0:0:0:0:0:1 - - [14/Feb/2020:17:26:30 +0800] "GET /item/get?id=9 HTTP/1.1" 200 323 1322
0:0:0:0:0:0:0:1 - - [14/Feb/2020:17:26:38 +0800] "GET /order/generateverifycode?token=cd01dffcb6b04471bee34e2d9f9cd9a7 HTTP/1.1" 200 1970 1640
0:0:0:0:0:0:0:1 - - [14/Feb/2020:17:26:46 +0800] "POST /order/generatetoken?token=cd01dffcb6b04471bee34e2d9f9cd9a7 HTTP/1.1" 200 73 52
0:0:0:0:0:0:0:1 - - [14/Feb/2020:17:26:47 +0800] "POST /order/createorder?token=cd01dffcb6b04471bee34e2d9f9cd9a7 HTTP/1.1" 200 43 685
0:0:0:0:0:0:0:1 - - [14/Feb/2020:17:26:48 +0800] "GET /item/get?id=9 HTTP/1.1" 200 323 6
